四月 25, 2017 10:24:39 下午 org.apache.catalina.core.AprLifecycleListener init
信息: The APR based Apache Tomcat Native library which allows optimal performance in production environments was not found on the java.library.path: C:\Program Files\Java\jdk1.8.0_121\bin;C:\Windows\Sun\Java\bin;C:\Windows\system32;C:\Windows;C:\Windows\system32;C:\Windows;C:\Windows\System32\Wbem;C:\Windows\System32\WindowsPowerShell\v1.0\;C:\Program Files\Java\jdk1.8.0_121\bin;C:\Program Files\Java\jdk1.8.0_121\jre\bin;D:\Git\cmd;C:\Program Files (x86)\100\Tools\Binn\;C:\Program Files\100\Tools\Binn\;C:\Program Files\100\DTS\Binn\;C:\Program Files (x86)\100\Tools\Binn\VSShell\Common7\IDE\;C:\Program Files (x86)\Microsoft Visual Studio 9.0\Common7\IDE\PrivateAssemblies\;C:\Program Files (x86)\100\DTS\Binn\;D:\Python26;D:\OpenVPN\bin;D:\AppServ\Apache2.2\bin;D:\AppServ\php5;D:\AppServ\MySQL\bin;.
四月 25, 2017 10:24:40 下午 org.apache.coyote.http11.Http11Protocol init
严重: Error initializing endpoint
java.net.BindException: Address already in use: JVM_Bind <null>:8080
	at org.apache.tomcat.util.net.JIoEndpoint.init(JIoEndpoint.java:549)
	at org.apache.coyote.http11.Http11Protocol.init(Http11Protocol.java:180)
	at org.apache.catalina.connector.Connector.initialize(Connector.java:1124)
	at org.apache.catalina.core.StandardService.initialize(StandardService.java:703)
	at org.apache.catalina.core.StandardServer.initialize(StandardServer.java:838)
	at org.apache.catalina.startup.Catalina.load(Catalina.java:538)
	at org.apache.catalina.startup.Catalina.load(Catalina.java:562)
	at sun.reflect.NativeMethodAccessorImpl.invoke0(Native Method)
	at sun.reflect.NativeMethodAccessorImpl.invoke(NativeMethodAccessorImpl.java:62)
	at sun.reflect.DelegatingMethodAccessorImpl.invoke(DelegatingMethodAccessorImpl.java:43)
	at java.lang.reflect.Method.invoke(Method.java:498)
	at org.apache.catalina.startup.Bootstrap.load(Bootstrap.java:261)
	at org.apache.catalina.startup.Bootstrap.main(Bootstrap.java:413)
Caused by: java.net.BindException: Address already in use: JVM_Bind
	at java.net.DualStackPlainSocketImpl.bind0(Native Method)
	at java.net.DualStackPlainSocketImpl.socketBind(DualStackPlainSocketImpl.java:106)
	at java.net.AbstractPlainSocketImpl.bind(AbstractPlainSocketImpl.java:387)
	at java.net.PlainSocketImpl.bind(PlainSocketImpl.java:190)
	at java.net.ServerSocket.bind(ServerSocket.java:375)
	at java.net.ServerSocket.<init>(ServerSocket.java:237)
	at java.net.ServerSocket.<init>(ServerSocket.java:181)
	at org.apache.tomcat.util.net.DefaultServerSocketFactory.createSocket(DefaultServerSocketFactory.java:50)
	at org.apache.tomcat.util.net.JIoEndpoint.init(JIoEndpoint.java:538)
	... 12 more

四月 25, 2017 10:24:40 下午 org.apache.catalina.core.StandardService initialize
严重: Failed to initialize connector [Connector[HTTP/1.1-8080]]
LifecycleException:  Protocol handler initialization failed: java.net.BindException: Address already in use: JVM_Bind <null>:8080
	at org.apache.catalina.connector.Connector.initialize(Connector.java:1126)
	at org.apache.catalina.core.StandardService.initialize(StandardService.java:703)
	at org.apache.catalina.core.StandardServer.initialize(StandardServer.java:838)
	at org.apache.catalina.startup.Catalina.load(Catalina.java:538)
	at org.apache.catalina.startup.Catalina.load(Catalina.java:562)
	at sun.reflect.NativeMethodAccessorImpl.invoke0(Native Method)
	at sun.reflect.NativeMethodAccessorImpl.invoke(NativeMethodAccessorImpl.java:62)
	at sun.reflect.DelegatingMethodAccessorImpl.invoke(DelegatingMethodAccessorImpl.java:43)
	at java.lang.reflect.Method.invoke(Method.java:498)
	at org.apache.catalina.startup.Bootstrap.load(Bootstrap.java:261)
	at org.apache.catalina.startup.Bootstrap.main(Bootstrap.java:413)

四月 25, 2017 10:24:40 下午 org.apache.catalina.startup.Catalina load
信息: Initialization processed in 1064 ms
四月 25, 2017 10:24:40 下午 org.apache.catalina.core.StandardService start
信息: Starting service Catalina
四月 25, 2017 10:24:40 下午 org.apache.catalina.core.StandardEngine start
信息: Starting Servlet Engine: Apache Tomcat/6.0.39
四月 25, 2017 10:24:40 下午 org.apache.catalina.startup.HostConfig deployDescriptor
信息: Deploying configuration descriptor host-manager.xml
四月 25, 2017 10:24:40 下午 org.apache.catalina.startup.HostConfig deployDescriptor
信息: Deploying configuration descriptor manager.xml
四月 25, 2017 10:24:40 下午 org.apache.catalina.startup.HostConfig deployDirectory
信息: Deploying web application directory docs
四月 25, 2017 10:24:41 下午 org.apache.catalina.startup.HostConfig deployDirectory
信息: Deploying web application directory examples
四月 25, 2017 10:24:41 下午 org.apache.catalina.startup.HostConfig deployDirectory
信息: Deploying web application directory ROOT
四月 25, 2017 10:24:41 下午 org.apache.coyote.http11.Http11Protocol start
严重: Error starting endpoint
java.net.BindException: Address already in use: JVM_Bind <null>:8080
	at org.apache.tomcat.util.net.JIoEndpoint.init(JIoEndpoint.java:549)
	at org.apache.tomcat.util.net.JIoEndpoint.start(JIoEndpoint.java:565)
	at org.apache.coyote.http11.Http11Protocol.start(Http11Protocol.java:207)
	at org.apache.catalina.connector.Connector.start(Connector.java:1197)
	at org.apache.catalina.core.StandardService.start(StandardService.java:540)
	at org.apache.catalina.core.StandardServer.start(StandardServer.java:754)
	at org.apache.catalina.startup.Catalina.start(Catalina.java:595)
	at sun.reflect.NativeMethodAccessorImpl.invoke0(Native Method)
	at sun.reflect.NativeMethodAccessorImpl.invoke(NativeMethodAccessorImpl.java:62)
	at sun.reflect.DelegatingMethodAccessorImpl.invoke(DelegatingMethodAccessorImpl.java:43)
	at java.lang.reflect.Method.invoke(Method.java:498)
	at org.apache.catalina.startup.Bootstrap.start(Bootstrap.java:289)
	at org.apache.catalina.startup.Bootstrap.main(Bootstrap.java:414)
Caused by: java.net.BindException: Address already in use: JVM_Bind
	at java.net.DualStackPlainSocketImpl.bind0(Native Method)
	at java.net.DualStackPlainSocketImpl.socketBind(DualStackPlainSocketImpl.java:106)
	at java.net.AbstractPlainSocketImpl.bind(AbstractPlainSocketImpl.java:387)
	at java.net.PlainSocketImpl.bind(PlainSocketImpl.java:190)
	at java.net.ServerSocket.bind(ServerSocket.java:375)
	at java.net.ServerSocket.<init>(ServerSocket.java:237)
	at java.net.ServerSocket.<init>(ServerSocket.java:181)
	at org.apache.tomcat.util.net.DefaultServerSocketFactory.createSocket(DefaultServerSocketFactory.java:50)
	at org.apache.tomcat.util.net.JIoEndpoint.init(JIoEndpoint.java:538)
	... 12 more

四月 25, 2017 10:24:41 下午 org.apache.catalina.core.StandardService start
严重: Failed to start connector [Connector[HTTP/1.1-8080]]
LifecycleException:  service.getName(): "Catalina";  Protocol handler start failed: java.net.BindException: Address already in use: JVM_Bind <null>:8080
	at org.apache.catalina.connector.Connector.start(Connector.java:1204)
	at org.apache.catalina.core.StandardService.start(StandardService.java:540)
	at org.apache.catalina.core.StandardServer.start(StandardServer.java:754)
	at org.apache.catalina.startup.Catalina.start(Catalina.java:595)
	at sun.reflect.NativeMethodAccessorImpl.invoke0(Native Method)
	at sun.reflect.NativeMethodAccessorImpl.invoke(NativeMethodAccessorImpl.java:62)
	at sun.reflect.DelegatingMethodAccessorImpl.invoke(DelegatingMethodAccessorImpl.java:43)
	at java.lang.reflect.Method.invoke(Method.java:498)
	at org.apache.catalina.startup.Bootstrap.start(Bootstrap.java:289)
	at org.apache.catalina.startup.Bootstrap.main(Bootstrap.java:414)

四月 25, 2017 10:24:41 下午 org.apache.jk.common.ChannelSocket init
信息: JK: ajp13 listening on /0.0.0.0:8009
四月 25, 2017 10:24:41 下午 org.apache.jk.server.JkMain start
信息: Jk running ID=0 time=0/28  config=null
四月 25, 2017 10:24:41 下午 org.apache.catalina.startup.Catalina start
信息: Server startup in 973 ms
四月 25, 2017 10:28:54 下午 org.apache.catalina.core.AprLifecycleListener init
信息: The APR based Apache Tomcat Native library which allows optimal performance in production environments was not found on the java.library.path: C:\Program Files\Java\jdk1.8.0_121\bin;C:\Windows\Sun\Java\bin;C:\Windows\system32;C:\Windows;C:\Windows\system32;C:\Windows;C:\Windows\System32\Wbem;C:\Windows\System32\WindowsPowerShell\v1.0\;C:\Program Files\Java\jdk1.8.0_121\bin;C:\Program Files\Java\jdk1.8.0_121\jre\bin;D:\Git\cmd;C:\Program Files (x86)\100\Tools\Binn\;C:\Program Files\100\Tools\Binn\;C:\Program Files\100\DTS\Binn\;C:\Program Files (x86)\100\Tools\Binn\VSShell\Common7\IDE\;C:\Program Files (x86)\Microsoft Visual Studio 9.0\Common7\IDE\PrivateAssemblies\;C:\Program Files (x86)\100\DTS\Binn\;D:\Python26;D:\OpenVPN\bin;;.
四月 25, 2017 10:28:55 下午 org.apache.coyote.http11.Http11Protocol init
信息: Initializing Coyote HTTP/1.1 on http-8080
四月 25, 2017 10:28:55 下午 org.apache.catalina.startup.Catalina load
信息: Initialization processed in 585 ms
四月 25, 2017 10:28:55 下午 org.apache.catalina.core.StandardService start
信息: Starting service Catalina
四月 25, 2017 10:28:55 下午 org.apache.catalina.core.StandardEngine start
信息: Starting Servlet Engine: Apache Tomcat/6.0.39
四月 25, 2017 10:28:55 下午 org.apache.catalina.startup.HostConfig deployDescriptor
信息: Deploying configuration descriptor host-manager.xml
四月 25, 2017 10:28:55 下午 org.apache.catalina.startup.HostConfig deployDescriptor
信息: Deploying configuration descriptor manager.xml
四月 25, 2017 10:28:55 下午 org.apache.catalina.startup.HostConfig deployDirectory
信息: Deploying web application directory docs
四月 25, 2017 10:28:55 下午 org.apache.catalina.startup.HostConfig deployDirectory
信息: Deploying web application directory examples
四月 25, 2017 10:28:55 下午 org.apache.catalina.startup.HostConfig deployDirectory
信息: Deploying web application directory ROOT
四月 25, 2017 10:28:56 下午 org.apache.coyote.http11.Http11Protocol start
信息: Starting Coyote HTTP/1.1 on http-8080
四月 25, 2017 10:28:56 下午 org.apache.jk.common.ChannelSocket init
信息: JK: ajp13 listening on /0.0.0.0:8009
四月 25, 2017 10:28:56 下午 org.apache.jk.server.JkMain start
信息: Jk running ID=0 time=0/21  config=null
四月 25, 2017 10:28:56 下午 org.apache.catalina.startup.Catalina start
信息: Server startup in 840 ms
四月 25, 2017 10:29:48 下午 org.apache.coyote.http11.Http11Protocol pause
信息: Pausing Coyote HTTP/1.1 on http-8080
四月 25, 2017 10:29:49 下午 org.apache.catalina.core.StandardService stop
信息: Stopping service Catalina
四月 25, 2017 10:29:49 下午 org.apache.coyote.http11.Http11Protocol destroy
信息: Stopping Coyote HTTP/1.1 on http-8080
四月 25, 2017 10:33:15 下午 org.apache.catalina.core.AprLifecycleListener init
信息: The APR based Apache Tomcat Native library which allows optimal performance in production environments was not found on the java.library.path: C:\Program Files\Java\jdk1.8.0_121\bin;C:\Windows\Sun\Java\bin;C:\Windows\system32;C:\Windows;C:\Windows\system32;C:\Windows;C:\Windows\System32\Wbem;C:\Windows\System32\WindowsPowerShell\v1.0\;C:\Program Files\Java\jdk1.8.0_121\bin;C:\Program Files\Java\jdk1.8.0_121\jre\bin;D:\Git\cmd;C:\Program Files (x86)\100\Tools\Binn\;C:\Program Files\100\Tools\Binn\;C:\Program Files\100\DTS\Binn\;C:\Program Files (x86)\100\Tools\Binn\VSShell\Common7\IDE\;C:\Program Files (x86)\Microsoft Visual Studio 9.0\Common7\IDE\PrivateAssemblies\;C:\Program Files (x86)\100\DTS\Binn\;D:\Python26;D:\OpenVPN\bin;;.
四月 25, 2017 10:33:15 下午 org.apache.coyote.http11.Http11Protocol init
信息: Initializing Coyote HTTP/1.1 on http-8080
四月 25, 2017 10:33:15 下午 org.apache.catalina.startup.Catalina load
信息: Initialization processed in 604 ms
四月 25, 2017 10:33:15 下午 org.apache.catalina.core.StandardService start
信息: Starting service Catalina
四月 25, 2017 10:33:15 下午 org.apache.catalina.core.StandardEngine start
信息: Starting Servlet Engine: Apache Tomcat/6.0.39
四月 25, 2017 10:33:15 下午 org.apache.catalina.startup.HostConfig deployDescriptor
信息: Deploying configuration descriptor host-manager.xml
四月 25, 2017 10:33:16 下午 org.apache.catalina.startup.HostConfig deployDescriptor
信息: Deploying configuration descriptor manager.xml
四月 25, 2017 10:33:16 下午 org.apache.catalina.startup.HostConfig deployDirectory
信息: Deploying web application directory docs
四月 25, 2017 10:33:16 下午 org.apache.catalina.startup.HostConfig deployDirectory
信息: Deploying web application directory examples
四月 25, 2017 10:33:16 下午 org.apache.catalina.startup.HostConfig deployDirectory
信息: Deploying web application directory ROOT
四月 25, 2017 10:33:16 下午 org.apache.coyote.http11.Http11Protocol start
信息: Starting Coyote HTTP/1.1 on http-8080
四月 25, 2017 10:33:16 下午 org.apache.jk.common.ChannelSocket init
信息: JK: ajp13 listening on /0.0.0.0:8009
四月 25, 2017 10:33:16 下午 org.apache.jk.server.JkMain start
信息: Jk running ID=0 time=0/25  config=null
四月 25, 2017 10:33:16 下午 org.apache.catalina.startup.Catalina start
信息: Server startup in 873 ms
四月 25, 2017 10:45:37 下午 org.apache.catalina.core.AprLifecycleListener init
信息: The APR based Apache Tomcat Native library which allows optimal performance in production environments was not found on the java.library.path: C:\Program Files\Java\jdk1.8.0_121\bin;C:\Windows\Sun\Java\bin;C:\Windows\system32;C:\Windows;C:\Windows\system32;C:\Windows;C:\Windows\System32\Wbem;C:\Windows\System32\WindowsPowerShell\v1.0\;C:\Program Files\Java\jdk1.8.0_121\bin;C:\Program Files\Java\jdk1.8.0_121\jre\bin;D:\Git\cmd;C:\Program Files (x86)\100\Tools\Binn\;C:\Program Files\100\Tools\Binn\;C:\Program Files\100\DTS\Binn\;C:\Program Files (x86)\100\Tools\Binn\VSShell\Common7\IDE\;C:\Program Files (x86)\Microsoft Visual Studio 9.0\Common7\IDE\PrivateAssemblies\;C:\Program Files (x86)\100\DTS\Binn\;D:\Python26;D:\OpenVPN\bin;;.
四月 25, 2017 10:45:38 下午 org.apache.coyote.http11.Http11Protocol init
信息: Initializing Coyote HTTP/1.1 on http-8081
四月 25, 2017 10:45:38 下午 org.apache.catalina.startup.Catalina load
信息: Initialization processed in 639 ms
四月 25, 2017 10:45:38 下午 org.apache.catalina.core.StandardService start
信息: Starting service Catalina
四月 25, 2017 10:45:38 下午 org.apache.catalina.core.StandardEngine start
信息: Starting Servlet Engine: Apache Tomcat/6.0.39
四月 25, 2017 10:45:38 下午 org.apache.catalina.startup.HostConfig deployDescriptor
信息: Deploying configuration descriptor host-manager.xml
四月 25, 2017 10:45:38 下午 org.apache.catalina.startup.HostConfig deployDescriptor
信息: Deploying configuration descriptor manager.xml
四月 25, 2017 10:45:38 下午 org.apache.catalina.startup.HostConfig deployDirectory
信息: Deploying web application directory docs
四月 25, 2017 10:45:38 下午 org.apache.catalina.startup.HostConfig deployDirectory
信息: Deploying web application directory examples
四月 25, 2017 10:45:38 下午 org.apache.catalina.startup.HostConfig deployDirectory
信息: Deploying web application directory ROOT
四月 25, 2017 10:45:38 下午 org.apache.coyote.http11.Http11Protocol start
信息: Starting Coyote HTTP/1.1 on http-8081
四月 25, 2017 10:45:38 下午 org.apache.jk.common.ChannelSocket init
信息: JK: ajp13 listening on /0.0.0.0:8009
四月 25, 2017 10:45:38 下午 org.apache.jk.server.JkMain start
信息: Jk running ID=0 time=0/21  config=null
四月 25, 2017 10:45:38 下午 org.apache.catalina.startup.Catalina start
信息: Server startup in 849 ms
