四月 26, 2017 3:11:25 下午 org.apache.catalina.core.ApplicationContext log
信息: ContextListener: contextInitialized()
四月 26, 2017 3:11:25 下午 org.apache.catalina.core.ApplicationContext log
信息: SessionListener: contextInitialized()
四月 26, 2017 4:05:47 下午 org.apache.catalina.core.ApplicationContext log
信息: SessionListener: contextDestroyed()
四月 26, 2017 4:05:47 下午 org.apache.catalina.core.ApplicationContext log
信息: ContextListener: contextDestroyed()
四月 26, 2017 4:05:48 下午 org.apache.catalina.core.ApplicationContext log
信息: ContextListener: contextInitialized()
四月 26, 2017 4:05:48 下午 org.apache.catalina.core.ApplicationContext log
信息: SessionListener: contextInitialized()
四月 26, 2017 4:13:00 下午 org.apache.catalina.core.ApplicationContext log
信息: ContextListener: contextInitialized()
四月 26, 2017 4:13:00 下午 org.apache.catalina.core.ApplicationContext log
信息: SessionListener: contextInitialized()
四月 26, 2017 4:13:56 下午 org.apache.catalina.core.StandardWrapperValve invoke
严重: Allocate exception for servlet HelloServlet
java.lang.NoClassDefFoundError: IllegalName: gz/itcast/d_servlet/HelloServlet
	at java.lang.ClassLoader.preDefineClass(ClassLoader.java:654)
	at java.lang.ClassLoader.defineClass(ClassLoader.java:761)
	at java.security.SecureClassLoader.defineClass(SecureClassLoader.java:142)
	at org.apache.catalina.loader.WebappClassLoader.findClassInternal(WebappClassLoader.java:2854)
	at org.apache.catalina.loader.WebappClassLoader.findClass(WebappClassLoader.java:1159)
	at org.apache.catalina.loader.WebappClassLoader.loadClass(WebappClassLoader.java:1647)
	at org.apache.catalina.loader.WebappClassLoader.loadClass(WebappClassLoader.java:1526)
	at org.apache.catalina.core.StandardWrapper.loadServlet(StandardWrapper.java:1128)
	at org.apache.catalina.core.StandardWrapper.allocate(StandardWrapper.java:827)
	at org.apache.catalina.core.StandardWrapperValve.invoke(StandardWrapperValve.java:129)
	at org.apache.catalina.core.StandardContextValve.invoke(StandardContextValve.java:191)
	at org.apache.catalina.authenticator.AuthenticatorBase.invoke(AuthenticatorBase.java:470)
	at org.apache.catalina.core.StandardHostValve.invoke(StandardHostValve.java:127)
	at org.apache.catalina.valves.ErrorReportValve.invoke(ErrorReportValve.java:103)
	at org.apache.catalina.core.StandardEngineValve.invoke(StandardEngineValve.java:109)
	at org.apache.catalina.connector.CoyoteAdapter.service(CoyoteAdapter.java:293)
	at org.apache.coyote.http11.Http11Processor.process(Http11Processor.java:861)
	at org.apache.coyote.http11.Http11Protocol$Http11ConnectionHandler.process(Http11Protocol.java:606)
	at org.apache.tomcat.util.net.JIoEndpoint$Worker.run(JIoEndpoint.java:489)
	at java.lang.Thread.run(Thread.java:745)

四月 26, 2017 4:15:45 下午 org.apache.catalina.core.StandardWrapperValve invoke
严重: Allocate exception for servlet HelloServlet
java.lang.NoClassDefFoundError: IllegalName: gz/itcast/d_servlet/HelloServlet
	at java.lang.ClassLoader.preDefineClass(ClassLoader.java:654)
	at java.lang.ClassLoader.defineClass(ClassLoader.java:761)
	at java.security.SecureClassLoader.defineClass(SecureClassLoader.java:142)
	at org.apache.catalina.loader.WebappClassLoader.findClassInternal(WebappClassLoader.java:2854)
	at org.apache.catalina.loader.WebappClassLoader.findClass(WebappClassLoader.java:1159)
	at org.apache.catalina.loader.WebappClassLoader.loadClass(WebappClassLoader.java:1647)
	at org.apache.catalina.loader.WebappClassLoader.loadClass(WebappClassLoader.java:1526)
	at org.apache.catalina.core.StandardWrapper.loadServlet(StandardWrapper.java:1128)
	at org.apache.catalina.core.StandardWrapper.allocate(StandardWrapper.java:827)
	at org.apache.catalina.core.StandardWrapperValve.invoke(StandardWrapperValve.java:129)
	at org.apache.catalina.core.StandardContextValve.invoke(StandardContextValve.java:191)
	at org.apache.catalina.authenticator.AuthenticatorBase.invoke(AuthenticatorBase.java:470)
	at org.apache.catalina.core.StandardHostValve.invoke(StandardHostValve.java:127)
	at org.apache.catalina.valves.ErrorReportValve.invoke(ErrorReportValve.java:103)
	at org.apache.catalina.core.StandardEngineValve.invoke(StandardEngineValve.java:109)
	at org.apache.catalina.connector.CoyoteAdapter.service(CoyoteAdapter.java:293)
	at org.apache.coyote.http11.Http11Processor.process(Http11Processor.java:861)
	at org.apache.coyote.http11.Http11Protocol$Http11ConnectionHandler.process(Http11Protocol.java:606)
	at org.apache.tomcat.util.net.JIoEndpoint$Worker.run(JIoEndpoint.java:489)
	at java.lang.Thread.run(Thread.java:745)

四月 26, 2017 4:15:46 下午 org.apache.catalina.core.StandardWrapperValve invoke
严重: Allocate exception for servlet HelloServlet
java.lang.NoClassDefFoundError: IllegalName: gz/itcast/d_servlet/HelloServlet
	at java.lang.ClassLoader.preDefineClass(ClassLoader.java:654)
	at java.lang.ClassLoader.defineClass(ClassLoader.java:761)
	at java.security.SecureClassLoader.defineClass(SecureClassLoader.java:142)
	at org.apache.catalina.loader.WebappClassLoader.findClassInternal(WebappClassLoader.java:2854)
	at org.apache.catalina.loader.WebappClassLoader.findClass(WebappClassLoader.java:1159)
	at org.apache.catalina.loader.WebappClassLoader.loadClass(WebappClassLoader.java:1647)
	at org.apache.catalina.loader.WebappClassLoader.loadClass(WebappClassLoader.java:1526)
	at org.apache.catalina.core.StandardWrapper.loadServlet(StandardWrapper.java:1128)
	at org.apache.catalina.core.StandardWrapper.allocate(StandardWrapper.java:827)
	at org.apache.catalina.core.StandardWrapperValve.invoke(StandardWrapperValve.java:129)
	at org.apache.catalina.core.StandardContextValve.invoke(StandardContextValve.java:191)
	at org.apache.catalina.authenticator.AuthenticatorBase.invoke(AuthenticatorBase.java:470)
	at org.apache.catalina.core.StandardHostValve.invoke(StandardHostValve.java:127)
	at org.apache.catalina.valves.ErrorReportValve.invoke(ErrorReportValve.java:103)
	at org.apache.catalina.core.StandardEngineValve.invoke(StandardEngineValve.java:109)
	at org.apache.catalina.connector.CoyoteAdapter.service(CoyoteAdapter.java:293)
	at org.apache.coyote.http11.Http11Processor.process(Http11Processor.java:861)
	at org.apache.coyote.http11.Http11Protocol$Http11ConnectionHandler.process(Http11Protocol.java:606)
	at org.apache.tomcat.util.net.JIoEndpoint$Worker.run(JIoEndpoint.java:489)
	at java.lang.Thread.run(Thread.java:745)

四月 26, 2017 4:16:19 下午 org.apache.catalina.core.ApplicationContext log
信息: ContextListener: contextInitialized()
四月 26, 2017 4:16:19 下午 org.apache.catalina.core.ApplicationContext log
信息: SessionListener: contextInitialized()
四月 26, 2017 4:16:23 下午 org.apache.catalina.core.StandardWrapperValve invoke
严重: Allocate exception for servlet HelloServlet
java.lang.NoClassDefFoundError: IllegalName: gz/itcast/d_servlet/HelloServlet
	at java.lang.ClassLoader.preDefineClass(ClassLoader.java:654)
	at java.lang.ClassLoader.defineClass(ClassLoader.java:761)
	at java.security.SecureClassLoader.defineClass(SecureClassLoader.java:142)
	at org.apache.catalina.loader.WebappClassLoader.findClassInternal(WebappClassLoader.java:2854)
	at org.apache.catalina.loader.WebappClassLoader.findClass(WebappClassLoader.java:1159)
	at org.apache.catalina.loader.WebappClassLoader.loadClass(WebappClassLoader.java:1647)
	at org.apache.catalina.loader.WebappClassLoader.loadClass(WebappClassLoader.java:1526)
	at org.apache.catalina.core.StandardWrapper.loadServlet(StandardWrapper.java:1128)
	at org.apache.catalina.core.StandardWrapper.allocate(StandardWrapper.java:827)
	at org.apache.catalina.core.StandardWrapperValve.invoke(StandardWrapperValve.java:129)
	at org.apache.catalina.core.StandardContextValve.invoke(StandardContextValve.java:191)
	at org.apache.catalina.authenticator.AuthenticatorBase.invoke(AuthenticatorBase.java:470)
	at org.apache.catalina.core.StandardHostValve.invoke(StandardHostValve.java:127)
	at org.apache.catalina.valves.ErrorReportValve.invoke(ErrorReportValve.java:103)
	at org.apache.catalina.core.StandardEngineValve.invoke(StandardEngineValve.java:109)
	at org.apache.catalina.connector.CoyoteAdapter.service(CoyoteAdapter.java:293)
	at org.apache.coyote.http11.Http11Processor.process(Http11Processor.java:861)
	at org.apache.coyote.http11.Http11Protocol$Http11ConnectionHandler.process(Http11Protocol.java:606)
	at org.apache.tomcat.util.net.JIoEndpoint$Worker.run(JIoEndpoint.java:489)
	at java.lang.Thread.run(Thread.java:745)

四月 26, 2017 4:16:24 下午 org.apache.catalina.core.StandardWrapperValve invoke
严重: Allocate exception for servlet HelloServlet
java.lang.NoClassDefFoundError: IllegalName: gz/itcast/d_servlet/HelloServlet
	at java.lang.ClassLoader.preDefineClass(ClassLoader.java:654)
	at java.lang.ClassLoader.defineClass(ClassLoader.java:761)
	at java.security.SecureClassLoader.defineClass(SecureClassLoader.java:142)
	at org.apache.catalina.loader.WebappClassLoader.findClassInternal(WebappClassLoader.java:2854)
	at org.apache.catalina.loader.WebappClassLoader.findClass(WebappClassLoader.java:1159)
	at org.apache.catalina.loader.WebappClassLoader.loadClass(WebappClassLoader.java:1647)
	at org.apache.catalina.loader.WebappClassLoader.loadClass(WebappClassLoader.java:1526)
	at org.apache.catalina.core.StandardWrapper.loadServlet(StandardWrapper.java:1128)
	at org.apache.catalina.core.StandardWrapper.allocate(StandardWrapper.java:827)
	at org.apache.catalina.core.StandardWrapperValve.invoke(StandardWrapperValve.java:129)
	at org.apache.catalina.core.StandardContextValve.invoke(StandardContextValve.java:191)
	at org.apache.catalina.authenticator.AuthenticatorBase.invoke(AuthenticatorBase.java:470)
	at org.apache.catalina.core.StandardHostValve.invoke(StandardHostValve.java:127)
	at org.apache.catalina.valves.ErrorReportValve.invoke(ErrorReportValve.java:103)
	at org.apache.catalina.core.StandardEngineValve.invoke(StandardEngineValve.java:109)
	at org.apache.catalina.connector.CoyoteAdapter.service(CoyoteAdapter.java:293)
	at org.apache.coyote.http11.Http11Processor.process(Http11Processor.java:861)
	at org.apache.coyote.http11.Http11Protocol$Http11ConnectionHandler.process(Http11Protocol.java:606)
	at org.apache.tomcat.util.net.JIoEndpoint$Worker.run(JIoEndpoint.java:489)
	at java.lang.Thread.run(Thread.java:745)

四月 26, 2017 4:16:24 下午 org.apache.catalina.core.StandardWrapperValve invoke
严重: Allocate exception for servlet HelloServlet
java.lang.NoClassDefFoundError: IllegalName: gz/itcast/d_servlet/HelloServlet
	at java.lang.ClassLoader.preDefineClass(ClassLoader.java:654)
	at java.lang.ClassLoader.defineClass(ClassLoader.java:761)
	at java.security.SecureClassLoader.defineClass(SecureClassLoader.java:142)
	at org.apache.catalina.loader.WebappClassLoader.findClassInternal(WebappClassLoader.java:2854)
	at org.apache.catalina.loader.WebappClassLoader.findClass(WebappClassLoader.java:1159)
	at org.apache.catalina.loader.WebappClassLoader.loadClass(WebappClassLoader.java:1647)
	at org.apache.catalina.loader.WebappClassLoader.loadClass(WebappClassLoader.java:1526)
	at org.apache.catalina.core.StandardWrapper.loadServlet(StandardWrapper.java:1128)
	at org.apache.catalina.core.StandardWrapper.allocate(StandardWrapper.java:827)
	at org.apache.catalina.core.StandardWrapperValve.invoke(StandardWrapperValve.java:129)
	at org.apache.catalina.core.StandardContextValve.invoke(StandardContextValve.java:191)
	at org.apache.catalina.authenticator.AuthenticatorBase.invoke(AuthenticatorBase.java:470)
	at org.apache.catalina.core.StandardHostValve.invoke(StandardHostValve.java:127)
	at org.apache.catalina.valves.ErrorReportValve.invoke(ErrorReportValve.java:103)
	at org.apache.catalina.core.StandardEngineValve.invoke(StandardEngineValve.java:109)
	at org.apache.catalina.connector.CoyoteAdapter.service(CoyoteAdapter.java:293)
	at org.apache.coyote.http11.Http11Processor.process(Http11Processor.java:861)
	at org.apache.coyote.http11.Http11Protocol$Http11ConnectionHandler.process(Http11Protocol.java:606)
	at org.apache.tomcat.util.net.JIoEndpoint$Worker.run(JIoEndpoint.java:489)
	at java.lang.Thread.run(Thread.java:745)

四月 26, 2017 4:16:25 下午 org.apache.catalina.core.StandardWrapperValve invoke
严重: Allocate exception for servlet HelloServlet
java.lang.NoClassDefFoundError: IllegalName: gz/itcast/d_servlet/HelloServlet
	at java.lang.ClassLoader.preDefineClass(ClassLoader.java:654)
	at java.lang.ClassLoader.defineClass(ClassLoader.java:761)
	at java.security.SecureClassLoader.defineClass(SecureClassLoader.java:142)
	at org.apache.catalina.loader.WebappClassLoader.findClassInternal(WebappClassLoader.java:2854)
	at org.apache.catalina.loader.WebappClassLoader.findClass(WebappClassLoader.java:1159)
	at org.apache.catalina.loader.WebappClassLoader.loadClass(WebappClassLoader.java:1647)
	at org.apache.catalina.loader.WebappClassLoader.loadClass(WebappClassLoader.java:1526)
	at org.apache.catalina.core.StandardWrapper.loadServlet(StandardWrapper.java:1128)
	at org.apache.catalina.core.StandardWrapper.allocate(StandardWrapper.java:827)
	at org.apache.catalina.core.StandardWrapperValve.invoke(StandardWrapperValve.java:129)
	at org.apache.catalina.core.StandardContextValve.invoke(StandardContextValve.java:191)
	at org.apache.catalina.authenticator.AuthenticatorBase.invoke(AuthenticatorBase.java:470)
	at org.apache.catalina.core.StandardHostValve.invoke(StandardHostValve.java:127)
	at org.apache.catalina.valves.ErrorReportValve.invoke(ErrorReportValve.java:103)
	at org.apache.catalina.core.StandardEngineValve.invoke(StandardEngineValve.java:109)
	at org.apache.catalina.connector.CoyoteAdapter.service(CoyoteAdapter.java:293)
	at org.apache.coyote.http11.Http11Processor.process(Http11Processor.java:861)
	at org.apache.coyote.http11.Http11Protocol$Http11ConnectionHandler.process(Http11Protocol.java:606)
	at org.apache.tomcat.util.net.JIoEndpoint$Worker.run(JIoEndpoint.java:489)
	at java.lang.Thread.run(Thread.java:745)

四月 26, 2017 4:16:25 下午 org.apache.catalina.core.StandardWrapperValve invoke
严重: Allocate exception for servlet HelloServlet
java.lang.NoClassDefFoundError: IllegalName: gz/itcast/d_servlet/HelloServlet
	at java.lang.ClassLoader.preDefineClass(ClassLoader.java:654)
	at java.lang.ClassLoader.defineClass(ClassLoader.java:761)
	at java.security.SecureClassLoader.defineClass(SecureClassLoader.java:142)
	at org.apache.catalina.loader.WebappClassLoader.findClassInternal(WebappClassLoader.java:2854)
	at org.apache.catalina.loader.WebappClassLoader.findClass(WebappClassLoader.java:1159)
	at org.apache.catalina.loader.WebappClassLoader.loadClass(WebappClassLoader.java:1647)
	at org.apache.catalina.loader.WebappClassLoader.loadClass(WebappClassLoader.java:1526)
	at org.apache.catalina.core.StandardWrapper.loadServlet(StandardWrapper.java:1128)
	at org.apache.catalina.core.StandardWrapper.allocate(StandardWrapper.java:827)
	at org.apache.catalina.core.StandardWrapperValve.invoke(StandardWrapperValve.java:129)
	at org.apache.catalina.core.StandardContextValve.invoke(StandardContextValve.java:191)
	at org.apache.catalina.authenticator.AuthenticatorBase.invoke(AuthenticatorBase.java:470)
	at org.apache.catalina.core.StandardHostValve.invoke(StandardHostValve.java:127)
	at org.apache.catalina.valves.ErrorReportValve.invoke(ErrorReportValve.java:103)
	at org.apache.catalina.core.StandardEngineValve.invoke(StandardEngineValve.java:109)
	at org.apache.catalina.connector.CoyoteAdapter.service(CoyoteAdapter.java:293)
	at org.apache.coyote.http11.Http11Processor.process(Http11Processor.java:861)
	at org.apache.coyote.http11.Http11Protocol$Http11ConnectionHandler.process(Http11Protocol.java:606)
	at org.apache.tomcat.util.net.JIoEndpoint$Worker.run(JIoEndpoint.java:489)
	at java.lang.Thread.run(Thread.java:745)

四月 26, 2017 4:16:25 下午 org.apache.catalina.core.StandardWrapperValve invoke
严重: Allocate exception for servlet HelloServlet
java.lang.NoClassDefFoundError: IllegalName: gz/itcast/d_servlet/HelloServlet
	at java.lang.ClassLoader.preDefineClass(ClassLoader.java:654)
	at java.lang.ClassLoader.defineClass(ClassLoader.java:761)
	at java.security.SecureClassLoader.defineClass(SecureClassLoader.java:142)
	at org.apache.catalina.loader.WebappClassLoader.findClassInternal(WebappClassLoader.java:2854)
	at org.apache.catalina.loader.WebappClassLoader.findClass(WebappClassLoader.java:1159)
	at org.apache.catalina.loader.WebappClassLoader.loadClass(WebappClassLoader.java:1647)
	at org.apache.catalina.loader.WebappClassLoader.loadClass(WebappClassLoader.java:1526)
	at org.apache.catalina.core.StandardWrapper.loadServlet(StandardWrapper.java:1128)
	at org.apache.catalina.core.StandardWrapper.allocate(StandardWrapper.java:827)
	at org.apache.catalina.core.StandardWrapperValve.invoke(StandardWrapperValve.java:129)
	at org.apache.catalina.core.StandardContextValve.invoke(StandardContextValve.java:191)
	at org.apache.catalina.authenticator.AuthenticatorBase.invoke(AuthenticatorBase.java:470)
	at org.apache.catalina.core.StandardHostValve.invoke(StandardHostValve.java:127)
	at org.apache.catalina.valves.ErrorReportValve.invoke(ErrorReportValve.java:103)
	at org.apache.catalina.core.StandardEngineValve.invoke(StandardEngineValve.java:109)
	at org.apache.catalina.connector.CoyoteAdapter.service(CoyoteAdapter.java:293)
	at org.apache.coyote.http11.Http11Processor.process(Http11Processor.java:861)
	at org.apache.coyote.http11.Http11Protocol$Http11ConnectionHandler.process(Http11Protocol.java:606)
	at org.apache.tomcat.util.net.JIoEndpoint$Worker.run(JIoEndpoint.java:489)
	at java.lang.Thread.run(Thread.java:745)

四月 26, 2017 4:16:26 下午 org.apache.catalina.core.StandardWrapperValve invoke
严重: Allocate exception for servlet HelloServlet
java.lang.NoClassDefFoundError: IllegalName: gz/itcast/d_servlet/HelloServlet
	at java.lang.ClassLoader.preDefineClass(ClassLoader.java:654)
	at java.lang.ClassLoader.defineClass(ClassLoader.java:761)
	at java.security.SecureClassLoader.defineClass(SecureClassLoader.java:142)
	at org.apache.catalina.loader.WebappClassLoader.findClassInternal(WebappClassLoader.java:2854)
	at org.apache.catalina.loader.WebappClassLoader.findClass(WebappClassLoader.java:1159)
	at org.apache.catalina.loader.WebappClassLoader.loadClass(WebappClassLoader.java:1647)
	at org.apache.catalina.loader.WebappClassLoader.loadClass(WebappClassLoader.java:1526)
	at org.apache.catalina.core.StandardWrapper.loadServlet(StandardWrapper.java:1128)
	at org.apache.catalina.core.StandardWrapper.allocate(StandardWrapper.java:827)
	at org.apache.catalina.core.StandardWrapperValve.invoke(StandardWrapperValve.java:129)
	at org.apache.catalina.core.StandardContextValve.invoke(StandardContextValve.java:191)
	at org.apache.catalina.authenticator.AuthenticatorBase.invoke(AuthenticatorBase.java:470)
	at org.apache.catalina.core.StandardHostValve.invoke(StandardHostValve.java:127)
	at org.apache.catalina.valves.ErrorReportValve.invoke(ErrorReportValve.java:103)
	at org.apache.catalina.core.StandardEngineValve.invoke(StandardEngineValve.java:109)
	at org.apache.catalina.connector.CoyoteAdapter.service(CoyoteAdapter.java:293)
	at org.apache.coyote.http11.Http11Processor.process(Http11Processor.java:861)
	at org.apache.coyote.http11.Http11Protocol$Http11ConnectionHandler.process(Http11Protocol.java:606)
	at org.apache.tomcat.util.net.JIoEndpoint$Worker.run(JIoEndpoint.java:489)
	at java.lang.Thread.run(Thread.java:745)

四月 26, 2017 4:16:26 下午 org.apache.catalina.core.StandardWrapperValve invoke
严重: Allocate exception for servlet HelloServlet
java.lang.NoClassDefFoundError: IllegalName: gz/itcast/d_servlet/HelloServlet
	at java.lang.ClassLoader.preDefineClass(ClassLoader.java:654)
	at java.lang.ClassLoader.defineClass(ClassLoader.java:761)
	at java.security.SecureClassLoader.defineClass(SecureClassLoader.java:142)
	at org.apache.catalina.loader.WebappClassLoader.findClassInternal(WebappClassLoader.java:2854)
	at org.apache.catalina.loader.WebappClassLoader.findClass(WebappClassLoader.java:1159)
	at org.apache.catalina.loader.WebappClassLoader.loadClass(WebappClassLoader.java:1647)
	at org.apache.catalina.loader.WebappClassLoader.loadClass(WebappClassLoader.java:1526)
	at org.apache.catalina.core.StandardWrapper.loadServlet(StandardWrapper.java:1128)
	at org.apache.catalina.core.StandardWrapper.allocate(StandardWrapper.java:827)
	at org.apache.catalina.core.StandardWrapperValve.invoke(StandardWrapperValve.java:129)
	at org.apache.catalina.core.StandardContextValve.invoke(StandardContextValve.java:191)
	at org.apache.catalina.authenticator.AuthenticatorBase.invoke(AuthenticatorBase.java:470)
	at org.apache.catalina.core.StandardHostValve.invoke(StandardHostValve.java:127)
	at org.apache.catalina.valves.ErrorReportValve.invoke(ErrorReportValve.java:103)
	at org.apache.catalina.core.StandardEngineValve.invoke(StandardEngineValve.java:109)
	at org.apache.catalina.connector.CoyoteAdapter.service(CoyoteAdapter.java:293)
	at org.apache.coyote.http11.Http11Processor.process(Http11Processor.java:861)
	at org.apache.coyote.http11.Http11Protocol$Http11ConnectionHandler.process(Http11Protocol.java:606)
	at org.apache.tomcat.util.net.JIoEndpoint$Worker.run(JIoEndpoint.java:489)
	at java.lang.Thread.run(Thread.java:745)

四月 26, 2017 4:20:20 下午 org.apache.catalina.core.ApplicationContext log
信息: SessionListener: contextDestroyed()
四月 26, 2017 4:20:20 下午 org.apache.catalina.core.ApplicationContext log
信息: ContextListener: contextDestroyed()
四月 26, 2017 4:20:20 下午 org.apache.catalina.core.ApplicationContext log
信息: ContextListener: contextInitialized()
四月 26, 2017 4:20:20 下午 org.apache.catalina.core.ApplicationContext log
信息: SessionListener: contextInitialized()
四月 26, 2017 4:23:11 下午 org.apache.catalina.core.ApplicationContext log
信息: ContextListener: contextInitialized()
四月 26, 2017 4:23:11 下午 org.apache.catalina.core.ApplicationContext log
信息: SessionListener: contextInitialized()
四月 26, 2017 4:23:51 下午 org.apache.catalina.core.ApplicationContext log
信息: SessionListener: contextDestroyed()
四月 26, 2017 4:23:51 下午 org.apache.catalina.core.ApplicationContext log
信息: ContextListener: contextDestroyed()
四月 26, 2017 4:23:51 下午 org.apache.catalina.core.ApplicationContext log
信息: ContextListener: contextInitialized()
四月 26, 2017 4:23:51 下午 org.apache.catalina.core.ApplicationContext log
信息: SessionListener: contextInitialized()
四月 26, 2017 4:24:11 下午 org.apache.catalina.core.ApplicationContext log
信息: SessionListener: contextDestroyed()
四月 26, 2017 4:24:11 下午 org.apache.catalina.core.ApplicationContext log
信息: ContextListener: contextDestroyed()
四月 26, 2017 4:24:11 下午 org.apache.catalina.core.ApplicationContext log
信息: ContextListener: contextInitialized()
四月 26, 2017 4:24:11 下午 org.apache.catalina.core.ApplicationContext log
信息: SessionListener: contextInitialized()
四月 26, 2017 4:25:01 下午 org.apache.catalina.core.ApplicationContext log
信息: SessionListener: contextDestroyed()
四月 26, 2017 4:25:01 下午 org.apache.catalina.core.ApplicationContext log
信息: ContextListener: contextDestroyed()
四月 26, 2017 4:26:35 下午 org.apache.catalina.core.ApplicationContext log
信息: ContextListener: contextInitialized()
四月 26, 2017 4:26:35 下午 org.apache.catalina.core.ApplicationContext log
信息: SessionListener: contextInitialized()
