四月 25, 2017 10:24:41 下午 org.apache.catalina.core.ApplicationContext log
信息: ContextListener: contextInitialized()
四月 25, 2017 10:24:41 下午 org.apache.catalina.core.ApplicationContext log
信息: SessionListener: contextInitialized()
四月 25, 2017 10:28:55 下午 org.apache.catalina.core.ApplicationContext log
信息: ContextListener: contextInitialized()
四月 25, 2017 10:28:55 下午 org.apache.catalina.core.ApplicationContext log
信息: SessionListener: contextInitialized()
四月 25, 2017 10:29:49 下午 org.apache.catalina.core.ApplicationContext log
信息: SessionListener: contextDestroyed()
四月 25, 2017 10:29:49 下午 org.apache.catalina.core.ApplicationContext log
信息: ContextListener: contextDestroyed()
四月 25, 2017 10:33:16 下午 org.apache.catalina.core.ApplicationContext log
信息: ContextListener: contextInitialized()
四月 25, 2017 10:33:16 下午 org.apache.catalina.core.ApplicationContext log
信息: SessionListener: contextInitialized()
四月 25, 2017 10:45:38 下午 org.apache.catalina.core.ApplicationContext log
信息: ContextListener: contextInitialized()
四月 25, 2017 10:45:38 下午 org.apache.catalina.core.ApplicationContext log
信息: SessionListener: contextInitialized()
